<?xml version="1.0" encoding="UTF-8"?>
<!-- Generated by org.testng.reporters.JUnitReportReporter -->
<testsuite skipped="0" hostname="DESKTOP-KTE5JBA" name="academy.VerifyNavTest" tests="1" failures="0" timestamp="25 Dec 2021 18:12:16 GMT" time="1.339" errors="0">
  <testcase name="navBar" time="1.339" classname="academy.VerifyNavTest"/>
</testsuite> <!-- academy.VerifyNavTest -->
