<?xml version="1.0" encoding="UTF-8"?>
<!-- Generated by org.testng.reporters.JUnitReportReporter -->
<testsuite skipped="0" hostname="DESKTOP-KTE5JBA" name="academy.LoginTest" tests="2" failures="0" timestamp="25 Dec 2021 18:40:43 GMT" time="3.457" errors="0">
  <testcase name="login" time="2.337" classname="academy.LoginTest"/>
  <testcase name="login" time="1.120" classname="academy.LoginTest"/>
</testsuite> <!-- academy.LoginTest -->
